  NormalToNDFConverter.cpp
C:\Users\jente\Desktop\University\pbrt-project\pbrt-specular-microstructure-rendering\ndf-converter\NDF-converter\NDF-converter\NormalToNDFConverter.cpp(33,8): warning C4244: 'initializing': conversion from 'T' to 'int', possible loss of data
          with
          [
              T=float
          ]
C:\Users\jente\Desktop\University\pbrt-project\pbrt-specular-microstructure-rendering\ndf-converter\NDF-converter\NDF-converter\NormalToNDFConverter.cpp(34,8): warning C4244: 'initializing': conversion from 'T' to 'int', possible loss of data
          with
          [
              T=float
          ]
C:\Users\jente\Desktop\University\pbrt-project\pbrt-specular-microstructure-rendering\ndf-converter\NDF-converter\NDF-converter\NormalToNDFConverter.cpp(121,11): warning C4244: 'initializing': conversion from 'int' to 'float', possible loss of data
C:\Users\jente\Desktop\University\pbrt-project\pbrt-specular-microstructure-rendering\ndf-converter\NDF-converter\NDF-converter\NormalToNDFConverter.cpp(122,11): warning C4244: 'initializing': conversion from 'int' to 'float', possible loss of data
C:\Users\jente\Desktop\University\pbrt-project\pbrt-specular-microstructure-rendering\ndf-converter\NDF-converter\NDF-converter\NormalToNDFConverter.cpp(199,43): warning C4838: conversion from 'T' to 'char' requires a narrowing conversion
          with
          [
              T=float
          ]
C:\Users\jente\Desktop\University\pbrt-project\pbrt-specular-microstructure-rendering\ndf-converter\NDF-converter\NDF-converter\NormalToNDFConverter.cpp(199,43): warning C4244: 'initializing': conversion from 'T' to 'char', possible loss of data
          with
          [
              T=float
          ]
C:\Users\jente\Desktop\University\pbrt-project\pbrt-specular-microstructure-rendering\ndf-converter\NDF-converter\NDF-converter\NormalToNDFConverter.cpp(199,66): warning C4838: conversion from 'T' to 'char' requires a narrowing conversion
          with
          [
              T=float
          ]
C:\Users\jente\Desktop\University\pbrt-project\pbrt-specular-microstructure-rendering\ndf-converter\NDF-converter\NDF-converter\NormalToNDFConverter.cpp(199,66): warning C4244: 'initializing': conversion from 'T' to 'char', possible loss of data
          with
          [
              T=float
          ]
C:\Users\jente\Desktop\University\pbrt-project\pbrt-specular-microstructure-rendering\ndf-converter\NDF-converter\NDF-converter\NormalToNDFConverter.cpp(199,89): warning C4838: conversion from 'T' to 'char' requires a narrowing conversion
          with
          [
              T=float
          ]
C:\Users\jente\Desktop\University\pbrt-project\pbrt-specular-microstructure-rendering\ndf-converter\NDF-converter\NDF-converter\NormalToNDFConverter.cpp(199,89): warning C4244: 'initializing': conversion from 'T' to 'char', possible loss of data
          with
          [
              T=float
          ]
  Generating code
  82 of 424 functions (19.3%) were compiled, the rest were copied from previous compilation.
    0 functions were new in current compilation
    21 functions had inline decision re-evaluated but remain unchanged
  Finished generating code
  NDF-converter.vcxproj -> C:\Users\jente\Desktop\University\pbrt-project\pbrt-specular-microstructure-rendering\ndf-converter\NDF-converter\x64\Release\NDF-converter.exe
